Command arguments:  -t sample2 --bam /SAN/breuerlab/Juanita_Virus/Apr2020-testHarold/1-longitudinal/sample2-1longitudinal.sorted.dedup.bam.fixed.bam --baseFreq nhaplo_2/nhaplo_2_results.lld --refSequence /SAN/breuerlab/Juanita_Virus/Apr2020-testHarold/1-longitudinal/refseq-JX459907.fasta --hapAlignment nhaplo_2/nhaplo_2_resultsHaplo.fasta --iterate
INITIAL	LL: -319873.58561535954	PENALTY: 214.0	PENALISED LL: -320087.58561535954
	0	0.8997085472270937
	1	0.10029145277290626

Recombining haplotypes 0 and 1 in region 408-422
RECOMBINE	0	-320086.74905414414
Overwriting 1 with 0 in region 4995-5001
RECOMBINE	1	-320088.0572190332
Recombining haplotypes 1 and 0 in region 103-109
RECOMBINE	2	-320086.74180268834
Overwriting 0 with 1 in region 1790-1798
RECOMBINE	3	-320086.7418815412
Recombining haplotypes 1 and 0 in region 1982-1992
RECOMBINE	4	-320087.3722953527
Recombining haplotypes 1 and 0 in region 1838-1843
RECOMBINE	5	-320086.7418782
Overwriting 0 with 1 in region 4163-4164
RECOMBINE	6	-320086.7418815412
Recombining haplotypes 0 and 1 in region 5457-5469
RECOMBINE	7	-320087.2628176381
Recombining haplotypes 1 and 0 in region 6195-6199
RECOMBINE	8	-320086.74188280554
Overwriting 0 with 1 in region 629-636
RECOMBINE	9	-320086.7418815373
Overwriting 0 with 1 in region 4806-4822
RECOMBINE	10	-320086.7418819701
Recombining haplotypes 1 and 0 in region 4490-4493
RECOMBINE	11	-320086.7418815412
Recombining haplotypes 0 and 1 in region 859-867
RECOMBINE	12	-320086.741840624
Recombining haplotypes 1 and 0 in region 2287-2290
RECOMBINE	13	-320087.4638682034
Overwriting 1 with 0 in region 3007-3011
RECOMBINE	14	-320086.7418815412
Recombining haplotypes 0 and 1 in region 2441-2449
RECOMBINE	15	-320086.7418815412
Overwriting 0 with 1 in region 5992-5995
RECOMBINE	16	-320086.7418815412
Overwriting 1 with 0 in region 4275-4284
RECOMBINE	17	-320086.7418815407
Overwriting 1 with 0 in region 2910-2919
RECOMBINE	18	-320086.74188503216
Overwriting 0 with 1 in region 4124-4135
RECOMBINE	19	-320086.741882136
INITIAL RECOMBINE	-319872.74180268834	214.0	-320086.74180268834
Combining haplotypes 0 and 1
Combining haplotypes 0 and 1
CONTRACT	1	-858538.0792456792
Recombining haplotypes 1 and 0 in region 703-703
RECOMBINE	1	0	-320086.7418815412
Recombining haplotypes 1 and 0 in region 7434-7435
RECOMBINE	1	1	-320086.7418815412
Recombining haplotypes 1 and 0 in region 3260-3279
RECOMBINE	1	2	-320086.746814907
Overwriting 1 with 0 in region 12-22
RECOMBINE	1	3	-320086.7418815412
Overwriting 0 with 1 in region 4551-4572
RECOMBINE	1	4	-320086.7418743658
Overwriting 1 with 0 in region 4413-4428
RECOMBINE	1	5	-320086.74188103236
Recombining haplotypes 0 and 1 in region 7124-7131
RECOMBINE	1	6	-320086.74188154686
Recombining haplotypes 0 and 1 in region 5462-5472
RECOMBINE	1	7	-320087.2628176381
Recombining haplotypes 0 and 1 in region 5447-5466
RECOMBINE	1	8	-320087.2628176381
Overwriting 0 with 1 in region 2200-2201
RECOMBINE	1	9	-320086.7418815412
Overwriting 1 with 0 in region 1271-1279
RECOMBINE	1	10	-320086.7418815034
Recombining haplotypes 1 and 0 in region 6480-6492
RECOMBINE	1	11	-320086.7432189963
Overwriting 1 with 0 in region 5815-5821
RECOMBINE	1	12	-320086.7418823552
Overwriting 1 with 0 in region 4998-5002
RECOMBINE	1	13	-320086.7418815412
Overwriting 1 with 0 in region 1444-1448
RECOMBINE	1	14	-320086.7418811369
Overwriting 0 with 1 in region 706-715
RECOMBINE	1	15	-320086.7418805753
Overwriting 0 with 1 in region 305-306
RECOMBINE	1	16	-320086.7418815412
Overwriting 1 with 0 in region 3945-3964
RECOMBINE	1	17	-320086.7418822532
Overwriting 0 with 1 in region 5597-5613
RECOMBINE	1	18	-320086.8390740027
Recombining haplotypes 0 and 1 in region 7073-7087
RECOMBINE	1	19	-320086.7418800398

Big Iteration 1	LL: -319872.74180268834	PENALTY: 214.0	PENALISED LL: -320086.74180268834
	0	0.8996884921219662
	1	0.10031150787803386

FINISHED

Big Iteration -1	LL: -319872.74180268834	PENALTY: 214.0	PENALISED LL: -320086.74180268834
	0	0.8996884921219662
	1	0.10031150787803386


Haplotype frequencies
0	0.899688
1	0.100312
Active sites
16	0.002000,0.038315,0.957685,0.002000	0.002000,0.166005,0.829995,0.002000
194	0.002000,0.002000,0.002000,0.994000	0.002000,0.994000,0.002000,0.002000
205	0.002000,0.002000,0.002000,0.994000	0.002000,0.002000,0.994000,0.002000
415	0.002000,0.003447,0.002000,0.992553	0.002000,0.994000,0.002000,0.002000
472	0.994000,0.002000,0.002000,0.002000	0.002000,0.002000,0.994000,0.002000
502	0.002000,0.002000,0.994000,0.002000	0.994000,0.002000,0.002000,0.002000
547	0.002000,0.991328,0.002000,0.004672	0.002000,0.002000,0.002000,0.994000
575	0.002000,0.002325,0.002000,0.993675	0.002000,0.994000,0.002000,0.002000
631	0.002000,0.993769,0.002000,0.002231	0.002000,0.002000,0.002000,0.994000
694	0.002000,0.993599,0.002000,0.002401	0.002000,0.002000,0.002000,0.994000
709	0.002000,0.994000,0.002000,0.002000	0.002000,0.002000,0.002000,0.994000
862	0.994000,0.002000,0.002000,0.002000	0.002000,0.002000,0.994000,0.002000
874	0.002000,0.994000,0.002000,0.002000	0.002000,0.002000,0.002000,0.994000
1120	0.002000,0.993421,0.002000,0.002579	0.002000,0.002000,0.002000,0.994000
1129	0.993770,0.002000,0.002000,0.002230	0.002000,0.002000,0.002000,0.994000
1270	0.002000,0.002000,0.002000,0.994000	0.002000,0.994000,0.002000,0.002000
1276	0.002000,0.002000,0.994000,0.002000	0.994000,0.002000,0.002000,0.002000
1297	0.994000,0.002000,0.002000,0.002000	0.002000,0.002000,0.994000,0.002000
1447	0.994000,0.002000,0.002000,0.002000	0.002000,0.002000,0.994000,0.002000
1477	0.994000,0.002000,0.002000,0.002000	0.002000,0.002000,0.994000,0.002000
1519	0.002000,0.002000,0.002000,0.994000	0.002000,0.994000,0.002000,0.002000
1609	0.002000,0.002000,0.994000,0.002000	0.994000,0.002000,0.002000,0.002000
1618	0.002000,0.002000,0.002000,0.994000	0.002000,0.994000,0.002000,0.002000
1708	0.002000,0.994000,0.002000,0.002000	0.002000,0.002000,0.002000,0.994000
1741	0.994000,0.002000,0.002000,0.002000	0.002000,0.002000,0.994000,0.002000
1780	0.002000,0.990977,0.002000,0.005023	0.002000,0.002000,0.002000,0.994000
1840	0.002000,0.002000,0.002000,0.994000	0.002000,0.992117,0.002000,0.003883
1936	0.002000,0.994000,0.002000,0.002000	0.002000,0.002000,0.002000,0.994000
1984	0.002000,0.002000,0.002000,0.994000	0.002000,0.994000,0.002000,0.002000
2173	0.994000,0.002000,0.002000,0.002000	0.021276,0.002000,0.974724,0.002000
2288	0.002000,0.002000,0.994000,0.002000	0.994000,0.002000,0.002000,0.002000
2321	0.994000,0.002000,0.002000,0.002000	0.002000,0.002000,0.994000,0.002000
2562	0.002000,0.002000,0.994000,0.002000	0.994000,0.002000,0.002000,0.002000
2662	0.002000,0.002000,0.002000,0.994000	0.002000,0.994000,0.002000,0.002000
2746	0.002000,0.002000,0.002000,0.994000	0.002000,0.993082,0.002000,0.002918
2857	0.994000,0.002000,0.002000,0.002000	0.002000,0.002000,0.994000,0.002000
2918	0.994000,0.002000,0.002000,0.002000	0.002000,0.002000,0.994000,0.002000
3021	0.994000,0.002000,0.002000,0.002000	0.002000,0.002000,0.994000,0.002000
3104	0.002000,0.002000,0.994000,0.002000	0.994000,0.002000,0.002000,0.002000
3181	0.002000,0.002000,0.994000,0.002000	0.994000,0.002000,0.002000,0.002000
3226	0.002000,0.993745,0.002000,0.002255	0.002000,0.002000,0.002000,0.994000
3271	0.002000,0.002000,0.002000,0.994000	0.002000,0.994000,0.002000,0.002000
3274	0.994000,0.002000,0.002000,0.002000	0.002000,0.002000,0.994000,0.002000
3523	0.002000,0.002000,0.002000,0.994000	0.002000,0.994000,0.002000,0.002000
3547	0.994000,0.002000,0.002000,0.002000	0.002000,0.002000,0.994000,0.002000
3559	0.002594,0.002000,0.993406,0.002000	0.994000,0.002000,0.002000,0.002000
3562	0.002000,0.002000,0.002000,0.994000	0.002000,0.994000,0.002000,0.002000
3601	0.002000,0.994000,0.002000,0.002000	0.002000,0.002000,0.002000,0.994000
3682	0.002000,0.002000,0.994000,0.002000	0.976247,0.002000,0.019753,0.002000
3892	0.994000,0.002000,0.002000,0.002000	0.002000,0.002000,0.994000,0.002000
3958	0.002000,0.993220,0.002000,0.002780	0.002000,0.002000,0.002000,0.994000
3985	0.994000,0.002000,0.002000,0.002000	0.002000,0.002000,0.994000,0.002000
4048	0.002441,0.002000,0.993559,0.002000	0.994000,0.002000,0.002000,0.002000
4132	0.994000,0.002000,0.002000,0.002000	0.004314,0.002000,0.002000,0.991686
4210	0.002000,0.993610,0.002000,0.002390	0.002000,0.002000,0.002000,0.994000
4258	0.002000,0.993354,0.002000,0.002646	0.002000,0.002000,0.002000,0.994000
4279	0.994000,0.002000,0.002000,0.002000	0.002000,0.002000,0.994000,0.002000
4297	0.002000,0.993479,0.002000,0.002521	0.002000,0.002000,0.002000,0.994000
4381	0.002000,0.990629,0.002000,0.005371	0.002000,0.992276,0.002000,0.003724
4402	0.002294,0.002000,0.993706,0.002000	0.994000,0.002000,0.002000,0.002000
4411	0.002000,0.993796,0.002000,0.002204	0.002000,0.002000,0.002000,0.994000
4423	0.002000,0.002000,0.994000,0.002000	0.994000,0.002000,0.002000,0.002000
4561	0.002000,0.002000,0.002000,0.994000	0.002000,0.994000,0.002000,0.002000
4675	0.002000,0.002000,0.994000,0.002000	0.994000,0.002000,0.002000,0.002000
4732	0.002000,0.002000,0.002000,0.994000	0.002000,0.994000,0.002000,0.002000
4786	0.994000,0.002000,0.002000,0.002000	0.002000,0.002000,0.994000,0.002000
4807	0.002000,0.002000,0.002000,0.994000	0.002000,0.994000,0.002000,0.002000
4843	0.002663,0.002000,0.993337,0.002000	0.994000,0.002000,0.002000,0.002000
4996	0.994000,0.002000,0.002000,0.002000	0.002000,0.002000,0.994000,0.002000
5267	0.002000,0.993167,0.002000,0.002833	0.002000,0.002000,0.002000,0.994000
5276	0.002000,0.994000,0.002000,0.002000	0.002000,0.002000,0.002000,0.994000
5465	0.002000,0.989568,0.002000,0.006432	0.002000,0.002000,0.002000,0.994000
5609	0.002000,0.002000,0.002000,0.994000	0.002000,0.981152,0.002000,0.014848
5675	0.002000,0.002000,0.994000,0.002000	0.994000,0.002000,0.002000,0.002000
5717	0.002000,0.993182,0.002000,0.002818	0.002000,0.002000,0.002000,0.994000
5816	0.002000,0.994000,0.002000,0.002000	0.002000,0.002000,0.002000,0.994000
5820	0.002000,0.002375,0.002000,0.993625	0.002000,0.994000,0.002000,0.002000
5876	0.002000,0.002000,0.002000,0.994000	0.002000,0.994000,0.002000,0.002000
5924	0.002000,0.993623,0.002000,0.002377	0.002000,0.002000,0.002000,0.994000
5974	0.994000,0.002000,0.002000,0.002000	0.002000,0.002000,0.994000,0.002000
6010	0.002000,0.002000,0.994000,0.002000	0.994000,0.002000,0.002000,0.002000
6017	0.002000,0.993330,0.002000,0.002670	0.002000,0.002000,0.002000,0.994000
6059	0.002000,0.993504,0.002000,0.002496	0.002000,0.002000,0.002000,0.994000
6122	0.002000,0.002000,0.002000,0.994000	0.002000,0.994000,0.002000,0.002000
6131	0.002000,0.993448,0.002000,0.002552	0.002000,0.002000,0.002000,0.994000
6194	0.002000,0.994000,0.002000,0.002000	0.002000,0.002000,0.002000,0.994000
6198	0.993544,0.002000,0.002456,0.002000	0.002000,0.002000,0.994000,0.002000
6325	0.002000,0.994000,0.002000,0.002000	0.994000,0.002000,0.002000,0.002000
6482	0.002000,0.002000,0.002000,0.994000	0.002000,0.994000,0.002000,0.002000
6548	0.994000,0.002000,0.002000,0.002000	0.002000,0.002000,0.994000,0.002000
6590	0.002000,0.994000,0.002000,0.002000	0.002000,0.002000,0.002000,0.994000
6702	0.002000,0.994000,0.002000,0.002000	0.002000,0.006753,0.989247,0.002000
6820	0.002000,0.994000,0.002000,0.002000	0.002000,0.002000,0.002000,0.994000
6916	0.994000,0.002000,0.002000,0.002000	0.002000,0.994000,0.002000,0.002000
6926	0.002000,0.002397,0.002000,0.993603	0.002000,0.994000,0.002000,0.002000
6994	0.002584,0.002000,0.993416,0.002000	0.994000,0.002000,0.002000,0.002000
7078	0.994000,0.002000,0.002000,0.002000	0.002000,0.002000,0.994000,0.002000
7093	0.002000,0.994000,0.002000,0.002000	0.002000,0.002000,0.002000,0.994000
7129	0.002777,0.002000,0.993223,0.002000	0.994000,0.002000,0.002000,0.002000
7153	0.002000,0.002000,0.002000,0.994000	0.002000,0.992312,0.002000,0.003688
7164	0.002000,0.002000,0.994000,0.002000	0.994000,0.002000,0.002000,0.002000
7177	0.002000,0.002000,0.002000,0.994000	0.002000,0.994000,0.002000,0.002000
7244	0.002000,0.002000,0.991130,0.004870	0.002000,0.002000,0.002000,0.994000
7283	0.002000,0.002000,0.002000,0.994000	0.002000,0.994000,0.002000,0.002000
7384	0.002000,0.994000,0.002000,0.002000	0.002000,0.002000,0.002000,0.994000
7427	0.994000,0.002000,0.002000,0.002000	0.012943,0.002000,0.983057,0.002000
